<?xml version="1.0" encoding="UTF-8"?>
<!-- Generated by org.testng.reporters.JUnitXMLReporter -->
<testsuite ignored="0" hostname="DESKTOP-875RBT8" failures="0" tests="2" name="Default test" time="30.942" errors="0" timestamp="2024-12-28T02:08:34 EST">
  <testcase classname="Test.SeleniumFramework.Tests.ErrorValidationsTest" name="LoginErrorValidations" time="1.408"/>
  <testcase classname="Test.SeleniumFramework.Tests.ErrorValidationsTest" name="productErrorValidations" time="7.966"/>
</testsuite> <!-- Default test -->
