<?xml version="1.0" encoding="UTF-8"?>
<!-- Generated by org.testng.reporters.JUnitXMLReporter -->
<testsuite ignored="0" hostname="DESKTOP-875RBT8" failures="0" tests="3" name="Submit Order Test" time="68.815" errors="0" timestamp="2024-12-30T04:25:30 EST">
  <testcase classname="Test.SeleniumFramework.Tests.SubmitOrderTest" name="submitOrder" time="18.221"/>
  <testcase classname="Test.SeleniumFramework.Tests.SubmitOrderTest" name="submitOrder" time="10.519"/>
  <testcase classname="Test.SeleniumFramework.Tests.SubmitOrderTest" name="OrderHistoryTest" time="2.719"/>
</testsuite> <!-- Submit Order Test -->
